[23-May-2022 13:35:32 UTC] PHP Parse error:  syntax error, unexpected 'echo' (T_ECHO) in /home/andre/Local Sites/fictional-university/app/public/experiment.php on line 6
[23-May-2022 13:36:49 UTC] PHP Parse error:  syntax error, unexpected 'echo' (T_ECHO) in /home/andre/Local Sites/fictional-university/app/public/experiment.php on line 6
[23-May-2022 15:38:29 UTC] PHP Parse error:  syntax error, unexpected '}', expecting ';' or ',' in /home/andre/Local Sites/fictional-university/app/public/wp-content/themes/fictional-university-theme/index.php on line 4
[23-May-2022 15:40:03 UTC] PHP Parse error:  syntax error, unexpected '}', expecting ';' or ',' in /home/andre/Local Sites/fictional-university/app/public/wp-content/themes/fictional-university-theme/index.php on line 4
[23-May-2022 15:40:05 UTC] PHP Parse error:  syntax error, unexpected '}', expecting ';' or ',' in /home/andre/Local Sites/fictional-university/app/public/wp-content/themes/fictional-university-theme/index.php on line 4
[23-May-2022 15:40:06 UTC] PHP Parse error:  syntax error, unexpected '}', expecting ';' or ',' in /home/andre/Local Sites/fictional-university/app/public/wp-content/themes/fictional-university-theme/index.php on line 4
[23-May-2022 15:40:06 UTC] PHP Parse error:  syntax error, unexpected '}', expecting ';' or ',' in /home/andre/Local Sites/fictional-university/app/public/wp-content/themes/fictional-university-theme/index.php on line 4
[23-May-2022 16:24:02 UTC] PHP Parse error:  syntax error, unexpected 'Hi' (T_STRING), expecting ';' or ',' in /home/andre/Local Sites/fictional-university/app/public/wp-content/themes/fictional-university-theme/index.php on line 8
[24-May-2022 06:11:46 UTC] PHP Parse error:  syntax error, unexpected ')' in /home/andre/Local Sites/fictional-university/app/public/wp-content/themes/fictional-university-theme/index.php on line 5
[25-May-2022 02:26:09 UTC] PHP Parse error:  syntax error, unexpected '/' in /home/andre/Local Sites/fictional-university/app/public/wp-content/themes/fictional-university-theme/index.php on line 76
[25-May-2022 02:28:07 UTC] PHP Parse error:  syntax error, unexpected '/' in /home/andre/Local Sites/fictional-university/app/public/wp-content/themes/fictional-university-theme/index.php on line 76
[25-May-2022 02:28:10 UTC] PHP Parse error:  syntax error, unexpected '/' in /home/andre/Local Sites/fictional-university/app/public/wp-content/themes/fictional-university-theme/index.php on line 76
[25-May-2022 02:28:27 UTC] PHP Parse error:  syntax error, unexpected '/' in /home/andre/Local Sites/fictional-university/app/public/wp-content/themes/fictional-university-theme/index.php on line 85
[25-May-2022 02:28:41 UTC] PHP Warning:  Use of undefined constant images - assumed 'images' (this will throw an Error in a future version of PHP) in /home/andre/Local Sites/fictional-university/app/public/wp-content/themes/fictional-university-theme/index.php on line 76
[25-May-2022 02:28:41 UTC] PHP Stack trace:
[25-May-2022 02:28:41 UTC] PHP   1. {main}() /home/andre/Local Sites/fictional-university/app/public/index.php:0
[25-May-2022 02:28:41 UTC] PHP   2. require() /home/andre/Local Sites/fictional-university/app/public/index.php:17
[25-May-2022 02:28:41 UTC] PHP   3. require_once() /home/andre/Local Sites/fictional-university/app/public/wp-blog-header.php:19
[25-May-2022 02:28:41 UTC] PHP   4. include() /home/andre/Local Sites/fictional-university/app/public/wp-includes/template-loader.php:106
[25-May-2022 02:28:41 UTC] PHP Warning:  Use of undefined constant bus - assumed 'bus' (this will throw an Error in a future version of PHP) in /home/andre/Local Sites/fictional-university/app/public/wp-content/themes/fictional-university-theme/index.php on line 76
[25-May-2022 02:28:41 UTC] PHP Stack trace:
[25-May-2022 02:28:41 UTC] PHP   1. {main}() /home/andre/Local Sites/fictional-university/app/public/index.php:0
[25-May-2022 02:28:41 UTC] PHP   2. require() /home/andre/Local Sites/fictional-university/app/public/index.php:17
[25-May-2022 02:28:41 UTC] PHP   3. require_once() /home/andre/Local Sites/fictional-university/app/public/wp-blog-header.php:19
[25-May-2022 02:28:41 UTC] PHP   4. include() /home/andre/Local Sites/fictional-university/app/public/wp-includes/template-loader.php:106
[25-May-2022 02:28:41 UTC] PHP Warning:  A non-numeric value encountered in /home/andre/Local Sites/fictional-university/app/public/wp-content/themes/fictional-university-theme/index.php on line 76
[25-May-2022 02:28:41 UTC] PHP Stack trace:
[25-May-2022 02:28:41 UTC] PHP   1. {main}() /home/andre/Local Sites/fictional-university/app/public/index.php:0
[25-May-2022 02:28:41 UTC] PHP   2. require() /home/andre/Local Sites/fictional-university/app/public/index.php:17
[25-May-2022 02:28:41 UTC] PHP   3. require_once() /home/andre/Local Sites/fictional-university/app/public/wp-blog-header.php:19
[25-May-2022 02:28:41 UTC] PHP   4. include() /home/andre/Local Sites/fictional-university/app/public/wp-includes/template-loader.php:106
[25-May-2022 02:28:41 UTC] PHP Warning:  A non-numeric value encountered in /home/andre/Local Sites/fictional-university/app/public/wp-content/themes/fictional-university-theme/index.php on line 76
[25-May-2022 02:28:41 UTC] PHP Stack trace:
[25-May-2022 02:28:41 UTC] PHP   1. {main}() /home/andre/Local Sites/fictional-university/app/public/index.php:0
[25-May-2022 02:28:41 UTC] PHP   2. require() /home/andre/Local Sites/fictional-university/app/public/index.php:17
[25-May-2022 02:28:41 UTC] PHP   3. require_once() /home/andre/Local Sites/fictional-university/app/public/wp-blog-header.php:19
[25-May-2022 02:28:41 UTC] PHP   4. include() /home/andre/Local Sites/fictional-university/app/public/wp-includes/template-loader.php:106
[25-May-2022 02:28:41 UTC] PHP Warning:  Division by zero in /home/andre/Local Sites/fictional-university/app/public/wp-content/themes/fictional-university-theme/index.php on line 76
[25-May-2022 02:28:41 UTC] PHP Stack trace:
[25-May-2022 02:28:41 UTC] PHP   1. {main}() /home/andre/Local Sites/fictional-university/app/public/index.php:0
[25-May-2022 02:28:41 UTC] PHP   2. require() /home/andre/Local Sites/fictional-university/app/public/index.php:17
[25-May-2022 02:28:41 UTC] PHP   3. require_once() /home/andre/Local Sites/fictional-university/app/public/wp-blog-header.php:19
[25-May-2022 02:28:41 UTC] PHP   4. include() /home/andre/Local Sites/fictional-university/app/public/wp-includes/template-loader.php:106
[25-May-2022 02:28:41 UTC] PHP Warning:  Use of undefined constant jpg - assumed 'jpg' (this will throw an Error in a future version of PHP) in /home/andre/Local Sites/fictional-university/app/public/wp-content/themes/fictional-university-theme/index.php on line 76
[25-May-2022 02:28:41 UTC] PHP Stack trace:
[25-May-2022 02:28:41 UTC] PHP   1. {main}() /home/andre/Local Sites/fictional-university/app/public/index.php:0
[25-May-2022 02:28:41 UTC] PHP   2. require() /home/andre/Local Sites/fictional-university/app/public/index.php:17
[25-May-2022 02:28:41 UTC] PHP   3. require_once() /home/andre/Local Sites/fictional-university/app/public/wp-blog-header.php:19
[25-May-2022 02:28:41 UTC] PHP   4. include() /home/andre/Local Sites/fictional-university/app/public/wp-includes/template-loader.php:106
[25-May-2022 02:28:41 UTC] PHP Warning:  Use of undefined constant images - assumed 'images' (this will throw an Error in a future version of PHP) in /home/andre/Local Sites/fictional-university/app/public/wp-content/themes/fictional-university-theme/index.php on line 85
[25-May-2022 02:28:41 UTC] PHP Stack trace:
[25-May-2022 02:28:41 UTC] PHP   1. {main}() /home/andre/Local Sites/fictional-university/app/public/index.php:0
[25-May-2022 02:28:41 UTC] PHP   2. require() /home/andre/Local Sites/fictional-university/app/public/index.php:17
[25-May-2022 02:28:41 UTC] PHP   3. require_once() /home/andre/Local Sites/fictional-university/app/public/wp-blog-header.php:19
[25-May-2022 02:28:41 UTC] PHP   4. include() /home/andre/Local Sites/fictional-university/app/public/wp-includes/template-loader.php:106
[25-May-2022 02:28:41 UTC] PHP Warning:  Use of undefined constant apples - assumed 'apples' (this will throw an Error in a future version of PHP) in /home/andre/Local Sites/fictional-university/app/public/wp-content/themes/fictional-university-theme/index.php on line 85
[25-May-2022 02:28:41 UTC] PHP Stack trace:
[25-May-2022 02:28:41 UTC] PHP   1. {main}() /home/andre/Local Sites/fictional-university/app/public/index.php:0
[25-May-2022 02:28:41 UTC] PHP   2. require() /home/andre/Local Sites/fictional-university/app/public/index.php:17
[25-May-2022 02:28:41 UTC] PHP   3. require_once() /home/andre/Local Sites/fictional-university/app/public/wp-blog-header.php:19
[25-May-2022 02:28:41 UTC] PHP   4. include() /home/andre/Local Sites/fictional-university/app/public/wp-includes/template-loader.php:106
[25-May-2022 02:28:41 UTC] PHP Warning:  A non-numeric value encountered in /home/andre/Local Sites/fictional-university/app/public/wp-content/themes/fictional-university-theme/index.php on line 85
[25-May-2022 02:28:41 UTC] PHP Stack trace:
[25-May-2022 02:28:41 UTC] PHP   1. {main}() /home/andre/Local Sites/fictional-university/app/public/index.php:0
[25-May-2022 02:28:41 UTC] PHP   2. require() /home/andre/Local Sites/fictional-university/app/public/index.php:17
[25-May-2022 02:28:41 UTC] PHP   3. require_once() /home/andre/Local Sites/fictional-university/app/public/wp-blog-header.php:19
[25-May-2022 02:28:41 UTC] PHP   4. include() /home/andre/Local Sites/fictional-university/app/public/wp-includes/template-loader.php:106
[25-May-2022 02:28:41 UTC] PHP Warning:  A non-numeric value encountered in /home/andre/Local Sites/fictional-university/app/public/wp-content/themes/fictional-university-theme/index.php on line 85
[25-May-2022 02:28:41 UTC] PHP Stack trace:
[25-May-2022 02:28:41 UTC] PHP   1. {main}() /home/andre/Local Sites/fictional-university/app/public/index.php:0
[25-May-2022 02:28:41 UTC] PHP   2. require() /home/andre/Local Sites/fictional-university/app/public/index.php:17
[25-May-2022 02:28:41 UTC] PHP   3. require_once() /home/andre/Local Sites/fictional-university/app/public/wp-blog-header.php:19
[25-May-2022 02:28:41 UTC] PHP   4. include() /home/andre/Local Sites/fictional-university/app/public/wp-includes/template-loader.php:106
[25-May-2022 02:28:41 UTC] PHP Warning:  Division by zero in /home/andre/Local Sites/fictional-university/app/public/wp-content/themes/fictional-university-theme/index.php on line 85
[25-May-2022 02:28:41 UTC] PHP Stack trace:
[25-May-2022 02:28:41 UTC] PHP   1. {main}() /home/andre/Local Sites/fictional-university/app/public/index.php:0
[25-May-2022 02:28:41 UTC] PHP   2. require() /home/andre/Local Sites/fictional-university/app/public/index.php:17
[25-May-2022 02:28:41 UTC] PHP   3. require_once() /home/andre/Local Sites/fictional-university/app/public/wp-blog-header.php:19
[25-May-2022 02:28:41 UTC] PHP   4. include() /home/andre/Local Sites/fictional-university/app/public/wp-includes/template-loader.php:106
[25-May-2022 02:28:41 UTC] PHP Warning:  Use of undefined constant jpg - assumed 'jpg' (this will throw an Error in a future version of PHP) in /home/andre/Local Sites/fictional-university/app/public/wp-content/themes/fictional-university-theme/index.php on line 85
[25-May-2022 02:28:41 UTC] PHP Stack trace:
[25-May-2022 02:28:41 UTC] PHP   1. {main}() /home/andre/Local Sites/fictional-university/app/public/index.php:0
[25-May-2022 02:28:41 UTC] PHP   2. require() /home/andre/Local Sites/fictional-university/app/public/index.php:17
[25-May-2022 02:28:41 UTC] PHP   3. require_once() /home/andre/Local Sites/fictional-university/app/public/wp-blog-header.php:19
[25-May-2022 02:28:41 UTC] PHP   4. include() /home/andre/Local Sites/fictional-university/app/public/wp-includes/template-loader.php:106
[25-May-2022 02:28:41 UTC] PHP Warning:  Use of undefined constant images - assumed 'images' (this will throw an Error in a future version of PHP) in /home/andre/Local Sites/fictional-university/app/public/wp-content/themes/fictional-university-theme/index.php on line 94
[25-May-2022 02:28:41 UTC] PHP Stack trace:
[25-May-2022 02:28:41 UTC] PHP   1. {main}() /home/andre/Local Sites/fictional-university/app/public/index.php:0
[25-May-2022 02:28:41 UTC] PHP   2. require() /home/andre/Local Sites/fictional-university/app/public/index.php:17
[25-May-2022 02:28:41 UTC] PHP   3. require_once() /home/andre/Local Sites/fictional-university/app/public/wp-blog-header.php:19
[25-May-2022 02:28:41 UTC] PHP   4. include() /home/andre/Local Sites/fictional-university/app/public/wp-includes/template-loader.php:106
[25-May-2022 02:28:41 UTC] PHP Warning:  Use of undefined constant bread - assumed 'bread' (this will throw an Error in a future version of PHP) in /home/andre/Local Sites/fictional-university/app/public/wp-content/themes/fictional-university-theme/index.php on line 94
[25-May-2022 02:28:41 UTC] PHP Stack trace:
[25-May-2022 02:28:41 UTC] PHP   1. {main}() /home/andre/Local Sites/fictional-university/app/public/index.php:0
[25-May-2022 02:28:41 UTC] PHP   2. require() /home/andre/Local Sites/fictional-university/app/public/index.php:17
[25-May-2022 02:28:41 UTC] PHP   3. require_once() /home/andre/Local Sites/fictional-university/app/public/wp-blog-header.php:19
[25-May-2022 02:28:41 UTC] PHP   4. include() /home/andre/Local Sites/fictional-university/app/public/wp-includes/template-loader.php:106
[25-May-2022 02:28:41 UTC] PHP Warning:  A non-numeric value encountered in /home/andre/Local Sites/fictional-university/app/public/wp-content/themes/fictional-university-theme/index.php on line 94
[25-May-2022 02:28:41 UTC] PHP Stack trace:
[25-May-2022 02:28:41 UTC] PHP   1. {main}() /home/andre/Local Sites/fictional-university/app/public/index.php:0
[25-May-2022 02:28:41 UTC] PHP   2. require() /home/andre/Local Sites/fictional-university/app/public/index.php:17
[25-May-2022 02:28:41 UTC] PHP   3. require_once() /home/andre/Local Sites/fictional-university/app/public/wp-blog-header.php:19
[25-May-2022 02:28:41 UTC] PHP   4. include() /home/andre/Local Sites/fictional-university/app/public/wp-includes/template-loader.php:106
[25-May-2022 02:28:41 UTC] PHP Warning:  A non-numeric value encountered in /home/andre/Local Sites/fictional-university/app/public/wp-content/themes/fictional-university-theme/index.php on line 94
[25-May-2022 02:28:41 UTC] PHP Stack trace:
[25-May-2022 02:28:41 UTC] PHP   1. {main}() /home/andre/Local Sites/fictional-university/app/public/index.php:0
[25-May-2022 02:28:41 UTC] PHP   2. require() /home/andre/Local Sites/fictional-university/app/public/index.php:17
[25-May-2022 02:28:41 UTC] PHP   3. require_once() /home/andre/Local Sites/fictional-university/app/public/wp-blog-header.php:19
[25-May-2022 02:28:41 UTC] PHP   4. include() /home/andre/Local Sites/fictional-university/app/public/wp-includes/template-loader.php:106
[25-May-2022 02:28:41 UTC] PHP Warning:  Division by zero in /home/andre/Local Sites/fictional-university/app/public/wp-content/themes/fictional-university-theme/index.php on line 94
[25-May-2022 02:28:41 UTC] PHP Stack trace:
[25-May-2022 02:28:41 UTC] PHP   1. {main}() /home/andre/Local Sites/fictional-university/app/public/index.php:0
[25-May-2022 02:28:41 UTC] PHP   2. require() /home/andre/Local Sites/fictional-university/app/public/index.php:17
[25-May-2022 02:28:41 UTC] PHP   3. require_once() /home/andre/Local Sites/fictional-university/app/public/wp-blog-header.php:19
[25-May-2022 02:28:41 UTC] PHP   4. include() /home/andre/Local Sites/fictional-university/app/public/wp-includes/template-loader.php:106
[25-May-2022 02:28:41 UTC] PHP Warning:  Use of undefined constant jpg - assumed 'jpg' (this will throw an Error in a future version of PHP) in /home/andre/Local Sites/fictional-university/app/public/wp-content/themes/fictional-university-theme/index.php on line 94
[25-May-2022 02:28:41 UTC] PHP Stack trace:
[25-May-2022 02:28:41 UTC] PHP   1. {main}() /home/andre/Local Sites/fictional-university/app/public/index.php:0
[25-May-2022 02:28:41 UTC] PHP   2. require() /home/andre/Local Sites/fictional-university/app/public/index.php:17
[25-May-2022 02:28:41 UTC] PHP   3. require_once() /home/andre/Local Sites/fictional-university/app/public/wp-blog-header.php:19
[25-May-2022 02:28:41 UTC] PHP   4. include() /home/andre/Local Sites/fictional-university/app/public/wp-includes/template-loader.php:106
[25-May-2022 02:46:05 UTC] PHP Parse error:  syntax error, unexpected ',' in /home/andre/Local Sites/fictional-university/app/public/wp-content/themes/fictional-university-theme/functions.php on line 4
[25-May-2022 02:46:05 UTC] PHP Parse error:  syntax error, unexpected ',' in /home/andre/Local Sites/fictional-university/app/public/wp-content/themes/fictional-university-theme/functions.php on line 4
[25-May-2022 04:41:02 UTC] PHP Parse error:  syntax error, unexpected ':', expecting ')' in /home/andre/Local Sites/fictional-university/app/public/wp-content/themes/fictional-university-theme/functions.php on line 17
[25-May-2022 04:41:03 UTC] PHP Parse error:  syntax error, unexpected ':', expecting ')' in /home/andre/Local Sites/fictional-university/app/public/wp-content/themes/fictional-university-theme/functions.php on line 17
[25-May-2022 17:22:58 UTC] PHP Warning:  Use of undefined constant title_li - assumed 'title_li' (this will throw an Error in a future version of PHP) in /home/andre/Local Sites/fictional-university/app/public/wp-content/themes/fictional-university-theme/page.php on line 37
[25-May-2022 17:22:58 UTC] PHP Stack trace:
[25-May-2022 17:22:58 UTC] PHP   1. {main}() /home/andre/Local Sites/fictional-university/app/public/index.php:0
[25-May-2022 17:22:58 UTC] PHP   2. require() /home/andre/Local Sites/fictional-university/app/public/index.php:17
[25-May-2022 17:22:58 UTC] PHP   3. require_once() /home/andre/Local Sites/fictional-university/app/public/wp-blog-header.php:19
[25-May-2022 17:22:58 UTC] PHP   4. include() /home/andre/Local Sites/fictional-university/app/public/wp-includes/template-loader.php:106
[26-May-2022 03:43:35 UTC] PHP Parse error:  syntax error, unexpected 'if' (T_IF) in /home/andre/Local Sites/fictional-university/app/public/wp-content/themes/fictional-university-theme/page.php on line 45
[26-May-2022 03:44:33 UTC] PHP Parse error:  syntax error, unexpected 'if' (T_IF) in /home/andre/Local Sites/fictional-university/app/public/wp-content/themes/fictional-university-theme/page.php on line 45
[26-May-2022 03:44:34 UTC] PHP Parse error:  syntax error, unexpected 'if' (T_IF) in /home/andre/Local Sites/fictional-university/app/public/wp-content/themes/fictional-university-theme/page.php on line 45
